<?xml version="1.0" encoding="UTF-8"?>
<testng-results ignored="0" total="1" passed="1" failed="0" skipped="0">
  <reporter-output>
    <line>
      <![CDATA[class1Test]]>
    </line>
  </reporter-output>
  <suite started-at="2022-04-14T07:34:50Z" name="Default suite" finished-at="2022-04-14T07:34:50Z" duration-ms="46">
    <groups>
    </groups>
    <test started-at="2022-04-14T07:34:50Z" name="Default test" finished-at="2022-04-14T07:34:50Z" duration-ms="46">
      <class name="com.crm.jenkinsample.Class1Test">
        <test-method signature="m1Test()[pri:0, instance:com.crm.jenkinsample.Class1Test@40317ba2]" started-at="2022-04-14T07:34:50Z" name="m1Test" finished-at="2022-04-14T07:34:50Z" duration-ms="16" status="PASS">
          <reporter-output>
            <line>
              <![CDATA[class1Test]]>
            </line>
          </reporter-output>
        </test-method> <!-- m1Test -->
      </class> <!-- com.crm.jenkinsample.Class1Test -->
    </test> <!-- Default test -->
  </suite> <!-- Default suite -->
</testng-results>
